Server running
Server running
Server running
Server running
worker 29017 died (1). restarting...
Server running
worker 29018 died (1). restarting...
Server running
worker 29039 died (1). restarting...
Server running
worker 29129 died (1). restarting...
worker 29154 died (1). restarting...
Server running
Server running

module.js:340
    throw err;
          ^
Error: Cannot find module '/home/Vankaya/new/woerker.js'
    at Function.Module._resolveFilename (module.js:338:15)
    at Function.Module._load (module.js:280:25)
    at Module.runMain (module.js:492:10)
    at process.startup.processNextTick.process._tickCallback (node.js:244:9)
Server running
came here 10000-101

domain.js:66
    throw er;
          ^
Error: listen EADDRINUSE
    at errnoException (net.js:770:11)
    at Server._listen2 (net.js:910:14)
    at listen (net.js:937:10)
    at Server.listen (net.js:986:5)
    at Object.<anonymous> (/home/Vankaya/new/worker.js:23:8)
    at Module._compile (module.js:449:26)
    at Object.Module._extensions..js (module.js:467:10)
    at Module.load (module.js:356:32)
    at Function.Module._load (module.js:312:12)
    at Module.runMain (module.js:492:10)
